e:\大三上\编译\实验课\code_generate2\code_generate\debug\middle_code_generate.obj
e:\大三上\编译\实验课\code_generate2\code_generate\debug\query_from_symtable.obj
e:\大三上\编译\实验课\code_generate2\code_generate\debug\errorhandling.obj
e:\大三上\编译\实验课\code_generate2\code_generate\debug\main.obj
e:\大三上\编译\实验课\code_generate2\code_generate\debug\work3.obj
e:\大三上\编译\实验课\code_generate2\code_generate\debug\public.obj
e:\大三上\编译\实验课\code_generate2\code_generate\debug\work2.obj
e:\大三上\编译\实验课\code_generate2\code_generate\debug\register_allocation.obj
e:\大三上\编译\实验课\code_generate2\code_generate\debug\mips_generate.obj
e:\大三上\编译\实验课\code_generate2\code_generate\debug\check_while_coding.obj
e:\大三上\编译\实验课\code_generate2\code_generate\debug\code_generate.pdb
e:\大三上\编译\实验课\code_generate2\code_generate\debug\code_generate.exe
e:\大三上\编译\实验课\code_generate2\code_generate\debug\code_generate.tlog\clang-cl.11016.delete.1.tlog
e:\大三上\编译\实验课\code_generate2\code_generate\debug\code_generate.tlog\clang-cl.11292.delete.1.tlog
e:\大三上\编译\实验课\code_generate2\code_generate\debug\code_generate.tlog\clang-cl.13880.delete.1.tlog
e:\大三上\编译\实验课\code_generate2\code_generate\debug\code_generate.tlog\clang-cl.14952.delete.1.tlog
e:\大三上\编译\实验课\code_generate2\code_generate\debug\code_generate.tlog\clang-cl.16772.delete.1.tlog
e:\大三上\编译\实验课\code_generate2\code_generate\debug\code_generate.tlog\clang-cl.17120.delete.1.tlog
e:\大三上\编译\实验课\code_generate2\code_generate\debug\code_generate.tlog\clang-cl.17544.delete.1.tlog
e:\大三上\编译\实验课\code_generate2\code_generate\debug\code_generate.tlog\clang-cl.19344.delete.1.tlog
e:\大三上\编译\实验课\code_generate2\code_generate\debug\code_generate.tlog\clang-cl.20032.delete.1.tlog
e:\大三上\编译\实验课\code_generate2\code_generate\debug\code_generate.tlog\clang-cl.3132.delete.1.tlog
e:\大三上\编译\实验课\code_generate2\code_generate\debug\code_generate.tlog\clang-cl.5276.delete.1.tlog
e:\大三上\编译\实验课\code_generate2\code_generate\debug\code_generate.tlog\clang-cl.7568.delete.1.tlog
e:\大三上\编译\实验课\code_generate2\code_generate\debug\code_generate.tlog\clang-cl.command.1.tlog
e:\大三上\编译\实验课\code_generate2\code_generate\debug\code_generate.tlog\clang-cl.delete.1.tlog
e:\大三上\编译\实验课\code_generate2\code_generate\debug\code_generate.tlog\clang-cl.read.1.tlog
e:\大三上\编译\实验课\code_generate2\code_generate\debug\code_generate.tlog\clang-cl.write.1.tlog
e:\大三上\编译\实验课\code_generate2\code_generate\debug\code_generate.tlog\lld-link.command.1.tlog
e:\大三上\编译\实验课\code_generate2\code_generate\debug\code_generate.tlog\lld-link.delete.1.tlog
e:\大三上\编译\实验课\code_generate2\code_generate\debug\code_generate.tlog\lld-link.read.1.tlog
e:\大三上\编译\实验课\code_generate2\code_generate\debug\code_generate.tlog\lld-link.write.1.tlog
